{
  "RSpec": {
    "coverage": {
      "/Users/devbootcamp/bootcamp/sinder/spec/support/factory_girl.rb": [
        1,
        1,
        null
      ],
      "/Users/devbootcamp/bootcamp/sinder/app/controllers/homepage_controller.rb": [
        1,
        null,
        1,
        1,
        null,
        1,
        2,
        null,
        null,
        1,
        0,
        null,
        null,
        null
      ],
      "/Users/devbootcamp/bootcamp/sinder/app/controllers/application_controller.rb": [
        1,
        null,
        null,
        1,
        null
      ]
    },
    "timestamp": 1437325043
  }
}
