{
  "RSpec": {
    "coverage": {
      "/Users/mccallumjack/Desktop/sinder/spec/support/factory_girl.rb": [
        1,
        1,
        null
      ],
      "/Users/mccallumjack/Desktop/sinder/app/controllers/api/repos_controller.rb": [
        1,
        1,
        1,
        1,
        null,
        null,
        1,
        null,
        1,
        2,
        2,
        null,
        null,
        1,
        1,
        1,
        null,
        1,
        null,
        null,
        null,
        null
      ],
      "/Users/mccallumjack/Desktop/sinder/app/controllers/application_controller.rb": [
        1,
        null,
        null,
        1,
        null
      ],
      "/Users/mccallumjack/Desktop/sinder/app/models/repo.rb": [
        1,
        1,
        1,
        null,
        1,
        null
      ]
    },
    "timestamp": 1437426762
  }
}
